<?xml version="1.0" encoding="UTF-8"?>
<!-- Generated by org.testng.reporters.JUnitXMLReporter -->
<testsuite hostname="ME" ignored="0" name="Test 2 " tests="4" failures="1" timestamp="10 Mar 2020 17:23:34 GMT" time="61.136" errors="0">
  <testcase name="verifyAutomationlink" time="0.719" classname="com.tricentis.automation.scripts.fieldVerification.HomePageTests">
    <failure type="java.lang.AssertionError" message="expected [Enter Vehicle Data] but found [Tricentis Vehicle Insurance]">
      <![CDATA[java.lang.AssertionError: expected [Enter Vehicle Data] but found [Tricentis Vehicle Insurance]at com.tricentis.automation.scripts.fieldVerification.HomePageTests.verifyAutomationlink(HomePageTests.java:25)... Removed 31 stack frames]]>
    </failure>
  </testcase> <!-- verifyAutomationlink -->
  <testcase name="verifyCamperlink" time="0.016" classname="com.tricentis.automation.scripts.fieldVerification.HomePageTests"/>
  <testcase name="verifyMotorCyclelink" time="0.016" classname="com.tricentis.automation.scripts.fieldVerification.HomePageTests"/>
  <testcase name="verifyTrucklink" time="0.0" classname="com.tricentis.automation.scripts.fieldVerification.HomePageTests"/>
</testsuite> <!-- Test 2  -->
